

[2026-05-22 08:01:43] Programma avviato
[2026-05-22 08:42:18] Programma avviato
[2026-05-22 08:43:32] Programma avviato
[2026-05-22 08:46:51] Programma avviato
[2026-05-22 09:08:03] Programma avviato
[2026-05-22 09:22:16] Programma avviato
[2026-05-22 09:45:54] Programma avviato
[2026-05-22 10:10:14] Programma avviato
[2026-05-22 10:10:52] Programma avviato
[2026-05-22 10:11:00] Programma avviato
[2026-05-22 10:12:05] Programma avviato
[2026-05-22 10:13:12] Programma avviato
[2026-05-22 10:13:18] Programma avviato
[2026-05-22 10:13:27] Programma avviato
[2026-05-22 10:17:59] Programma avviato
[2026-05-22 10:18:56] Programma avviato
[2026-05-22 10:19:32] Modifica rilevata:
[2026-05-22 10:19:32] - Evento: deleted | File: C:\Work\marconilab\amministrazione\Nuovo documento di testo.txt
[2026-05-22 10:19:32] - Evento: modified | File: C:\Work\marconilab\amministrazione
[2026-05-22 10:22:24] Programma avviato
[2026-05-22 10:23:49] Programma avviato
[2026-05-22 10:25:05] - Evento: added | File: C:\Work\marconilab\amministrazione\Nuovo Foglio di lavoro di Microsoft Excel.xlsx~RFb1c045.TMP
[2026-05-22 10:25:05] - Evento: deleted | File: C:\Work\marconilab\amministrazione\Nuovo Foglio di lavoro di Microsoft Excel.xlsx
[2026-05-22 10:25:05] - Evento: added | File: C:\Work\marconilab\amministrazione\Nuovo Foglio di lavoro di Microsoft Excel.xlsx
[2026-05-22 10:25:05] - Evento: modified | File: C:\Work\marconilab\amministrazione
[2026-05-22 10:25:05] - Evento: deleted | File: C:\Work\marconilab\amministrazione\Nuovo Foglio di lavoro di Microsoft Excel.xlsx~RFb1c045.TMP
[2026-05-22 10:25:05] - Evento: deleted | File: C:\Work\marconilab\amministrazione\~uovo Foglio di lavoro di Microsoft Excel.tmp
[2026-05-22 10:25:05] - Evento: added | File: C:\Work\marconilab\amministrazione\~uovo Foglio di lavoro di Microsoft Excel.tmp
[2026-05-22 10:27:11] Programma avviato
[2026-05-22 10:38:15] Programma avviato
[2026-05-22 10:40:37] Programma avviato
[2026-05-22 10:41:22] - Evento: modified | File: C:\Work\marconilab\amministrazione
[2026-05-22 10:41:22] - Evento: deleted | File: C:\Work\marconilab\amministrazione\Nuovo Foglio di lavoro di Microsoft Excel.xlsx
[2026-05-22 10:41:35] - Evento: added | File: C:\Work\marconilab\amministrazione\Nuovo documento di testo.txt
[2026-05-22 10:41:35] - Evento: modified | File: C:\Work\marconilab\amministrazione
[2026-05-22 11:34:36] Programma avviato
[2026-05-23 08:55:52] Programma avviato
[2026-05-23 08:57:15] Programma avviato
[2026-05-23 09:57:47] Programma avviato
[2026-05-23 09:59:47] Programma avviato
[2026-05-23 10:00:16] - Evento: modified | File: C:\Work\marconilab\config
[2026-05-23 10:00:16] - Evento: added | File: C:\Work\marconilab\config\Nuovo documento di testo.txt
[2026-05-23 10:07:19] Programma avviato
[2026-05-23 10:15:27] Programma avviato
[2026-05-23 10:16:21] - Evento: modified | File: C:\Work\marconilab\config
[2026-05-23 10:16:21] - Evento: deleted | File: C:\Work\marconilab\config\Nuovo documento di testo.txt
[2026-05-23 10:16:21] - Evento: added | File: C:\Work\marconilab\config\testxeliminazione.txt
[2026-05-23 10:16:34] - Evento: modified | File: C:\Work\marconilab\config
[2026-05-23 10:16:34] - Evento: deleted | File: C:\Work\marconilab\config\testxeliminazione.txt
[2026-05-26 08:34:01] Programma avviato
[2026-05-26 08:34:23] - Evento: deleted | File: C:\Work\marconilab\amministrazione\Nuovo documento di testo.txt
[2026-05-26 08:34:23] - Evento: modified | File: C:\Work\marconilab\amministrazione
[2026-05-28 17:12:48] Programma avviato
[2026-05-28 17:34:26] Programma avviato
[2026-05-28 17:35:12] - Evento: modified | File: C:\Work\marconilab\amministrazione
[2026-05-28 17:35:12] - Evento: added | File: C:\Work\marconilab\amministrazione\Nuovo documento di testo.txt
[2026-05-28 17:35:20] - Evento: deleted | File: C:\Work\marconilab\amministrazione\Nuovo documento di testo.txt
[2026-05-28 17:35:20] - Evento: modified | File: C:\Work\marconilab\amministrazione
[2026-05-28 20:47:53] Programma avviato
[2026-05-28 20:49:38] - Evento: modified | File: C:\Work\marconilab\clienti
[2026-05-28 20:49:38] - Evento: added | File: C:\Work\marconilab\clienti\Nuovo Documento di testo.txt
[2026-05-28 20:52:06] Programma avviato
[2026-05-28 20:52:18] - Evento: deleted | File: C:\Work2\Nuovo Documento di testo.txt
[2026-05-29 13:13:14] Programma avviato
[2026-05-29 13:13:53] - Evento: added | File: C:\Work\marconilab\clienti\Nuovo documento di testo.txt
[2026-05-29 13:13:53] Backup aggiornato: C:\Work2\backup\clienti\Nuovo documento di testo.txt
[2026-05-29 13:13:53] - Evento: modified | File: C:\Work\marconilab\clienti
[2026-05-29 13:35:34] Programma avviato
[2026-05-29 13:40:42] Programma avviato
[2026-05-29 13:43:56] Programma avviato
[2026-05-29 13:46:42] Programma avviato
[2026-05-29 13:47:25] - Evento: added | File: C:\Work\marconilab\backup\Nuovo documento RTF.rtf
[2026-05-29 13:47:25] - Evento: modified | File: C:\Work\marconilab\backup
[2026-05-29 13:49:10] - Evento: modified | File: C:\Work\marconilab\config
[2026-05-29 13:49:10] - Evento: added | File: C:\Work\marconilab\config\Nuovo documento di testo.txt
[2026-05-29 13:52:41] Programma avviato
[2026-05-29 13:53:00] - Evento: modified | File: C:\Work\marconilab\config
[2026-05-29 13:53:00] - Evento: added | File: C:\Work\marconilab\config\Nuovo documento di testo - Copia.txt
[2026-05-29 13:53:00] Backup aggiornato: C:\Work2\backup\config\Nuovo documento di testo - Copia.txt
[2026-06-04 09:37:49] Programma avviato
[2026-06-04 09:55:22] Programma avviato
[2026-06-04 09:55:49] Backup aggiornato: C:\Work2\backup\clienti\Nuovo documento di testo.txt
[2026-06-04 09:56:04] Backup aggiornato: C:\Work2\backup\clienti\Nuova cartella\Nuovo documento di testo.txt
[2026-06-04 09:56:14] Eliminato file nella cartella monitorata
[2026-06-04 09:56:19] Eliminato file nella cartella monitorata
[2026-06-04 10:49:00] Programma terminato dall'utente
[2026-06-04 10:49:01] Programma avviato
[2026-06-04 10:50:20] Eliminato file nella cartella monitorata
[2026-06-04 10:50:23] Backup aggiornato: C:\Work2\backup\clienti\Nuovo documento di testo.txt
[2026-06-04 10:50:33] Eliminato file nella cartella monitorata
[2026-06-04 11:24:56] Programma terminato dall'utente
[2026-06-04 11:24:57] Programma avviato
[2026-06-04 14:55:05] Programma avviato
[2026-06-04 15:29:15] Programma terminato dall'utente
[2026-06-04 15:29:16] Programma avviato
[2026-06-04 15:32:46] Programma avviato
[2026-06-04 15:36:41] Programma avviato
[2026-06-04 15:37:06] Backup aggiornato: C:\Work2\backup\clienti\Nuovo documento di testo.txt
